  4--1.cpp
C:\Users\AinsF\OneDrive\Рабочий стол\4--1\4--1\4--1.cpp(92,19): error C2059: синтаксическая ошибка: ;
C:\Users\AinsF\OneDrive\Рабочий стол\4--1\4--1\4--1.cpp(92,23): error C2143: синтаксическая ошибка: отсутствие ";" перед "}"
C:\Users\AinsF\OneDrive\Рабочий стол\4--1\4--1\4--1.cpp(98,11): error C2143: синтаксическая ошибка: отсутствие ";" перед "<<"
C:\Users\AinsF\OneDrive\Рабочий стол\4--1\4--1\4--1.cpp(101,2): error C2059: синтаксическая ошибка: for
C:\Users\AinsF\OneDrive\Рабочий стол\4--1\4--1\4--1.cpp(101,2): error C2143: синтаксическая ошибка: отсутствие ")" перед ";"
C:\Users\AinsF\OneDrive\Рабочий стол\4--1\4--1\4--1.cpp(101,20): error C2143: синтаксическая ошибка: отсутствие ";" перед "<"
C:\Users\AinsF\OneDrive\Рабочий стол\4--1\4--1\4--1.cpp(101,20): error C4430: отсутствует спецификатор типа - предполагается int. Примечание. C++ не поддерживает int по умолчанию
C:\Users\AinsF\OneDrive\Рабочий стол\4--1\4--1\4--1.cpp(101,26): error C2143: синтаксическая ошибка: отсутствие ";" перед "++"
C:\Users\AinsF\OneDrive\Рабочий стол\4--1\4--1\4--1.cpp(101,26): error C4430: отсутствует спецификатор типа - предполагается int. Примечание. C++ не поддерживает int по умолчанию
C:\Users\AinsF\OneDrive\Рабочий стол\4--1\4--1\4--1.cpp(101,25): error C2086: int i: переопределение
C:\Users\AinsF\OneDrive\Рабочий стол\4--1\4--1\4--1.cpp(101): message : см. объявление "i"
C:\Users\AinsF\OneDrive\Рабочий стол\4--1\4--1\4--1.cpp(101,28): error C2059: синтаксическая ошибка: )
C:\Users\AinsF\OneDrive\Рабочий стол\4--1\4--1\4--1.cpp(105,2): error C2059: синтаксическая ошибка: for
C:\Users\AinsF\OneDrive\Рабочий стол\4--1\4--1\4--1.cpp(105,2): error C2143: синтаксическая ошибка: отсутствие ")" перед ";"
C:\Users\AinsF\OneDrive\Рабочий стол\4--1\4--1\4--1.cpp(105,20): error C2143: синтаксическая ошибка: отсутствие ";" перед "<"
C:\Users\AinsF\OneDrive\Рабочий стол\4--1\4--1\4--1.cpp(105,20): error C4430: отсутствует спецификатор типа - предполагается int. Примечание. C++ не поддерживает int по умолчанию
C:\Users\AinsF\OneDrive\Рабочий стол\4--1\4--1\4--1.cpp(105,18): error C2086: int i: переопределение
C:\Users\AinsF\OneDrive\Рабочий стол\4--1\4--1\4--1.cpp(101): message : см. объявление "i"
C:\Users\AinsF\OneDrive\Рабочий стол\4--1\4--1\4--1.cpp(105,26): error C2143: синтаксическая ошибка: отсутствие ";" перед "++"
C:\Users\AinsF\OneDrive\Рабочий стол\4--1\4--1\4--1.cpp(105,26): error C4430: отсутствует спецификатор типа - предполагается int. Примечание. C++ не поддерживает int по умолчанию
C:\Users\AinsF\OneDrive\Рабочий стол\4--1\4--1\4--1.cpp(105,25): error C2086: int i: переопределение
C:\Users\AinsF\OneDrive\Рабочий стол\4--1\4--1\4--1.cpp(101): message : см. объявление "i"
C:\Users\AinsF\OneDrive\Рабочий стол\4--1\4--1\4--1.cpp(105,28): error C2059: синтаксическая ошибка: )
C:\Users\AinsF\OneDrive\Рабочий стол\4--1\4--1\4--1.cpp(108,11): error C2143: синтаксическая ошибка: отсутствие ";" перед "<<"
C:\Users\AinsF\OneDrive\Рабочий стол\4--1\4--1\4--1.cpp(108,6): error C2086: int cout: переопределение
C:\Users\AinsF\OneDrive\Рабочий стол\4--1\4--1\4--1.cpp(98): message : см. объявление "cout"
C:\Users\AinsF\OneDrive\Рабочий стол\4--1\4--1\4--1.cpp(111,2): error C2059: синтаксическая ошибка: for
C:\Users\AinsF\OneDrive\Рабочий стол\4--1\4--1\4--1.cpp(111,2): error C2143: синтаксическая ошибка: отсутствие ")" перед ";"
C:\Users\AinsF\OneDrive\Рабочий стол\4--1\4--1\4--1.cpp(111,20): error C2143: синтаксическая ошибка: отсутствие ";" перед "<"
C:\Users\AinsF\OneDrive\Рабочий стол\4--1\4--1\4--1.cpp(111,20): error C4430: отсутствует спецификатор типа - предполагается int. Примечание. C++ не поддерживает int по умолчанию
C:\Users\AinsF\OneDrive\Рабочий стол\4--1\4--1\4--1.cpp(111,18): error C2086: int i: переопределение
C:\Users\AinsF\OneDrive\Рабочий стол\4--1\4--1\4--1.cpp(101): message : см. объявление "i"
C:\Users\AinsF\OneDrive\Рабочий стол\4--1\4--1\4--1.cpp(111,26): error C2143: синтаксическая ошибка: отсутствие ";" перед "++"
C:\Users\AinsF\OneDrive\Рабочий стол\4--1\4--1\4--1.cpp(111,26): error C4430: отсутствует спецификатор типа - предполагается int. Примечание. C++ не поддерживает int по умолчанию
C:\Users\AinsF\OneDrive\Рабочий стол\4--1\4--1\4--1.cpp(111,25): error C2086: int i: переопределение
C:\Users\AinsF\OneDrive\Рабочий стол\4--1\4--1\4--1.cpp(101): message : см. объявление "i"
C:\Users\AinsF\OneDrive\Рабочий стол\4--1\4--1\4--1.cpp(111,28): error C2059: синтаксическая ошибка: )
C:\Users\AinsF\OneDrive\Рабочий стол\4--1\4--1\4--1.cpp(112,17): error C2143: синтаксическая ошибка: отсутствие ";" перед "{"
C:\Users\AinsF\OneDrive\Рабочий стол\4--1\4--1\4--1.cpp(112,17): error C2447: {: отсутствует заголовок функции (возможно, используется формальный список старого типа)
C:\Users\AinsF\OneDrive\Рабочий стол\4--1\4--1\4--1.cpp(118,2): error C2059: синтаксическая ошибка: return
C:\Users\AinsF\OneDrive\Рабочий стол\4--1\4--1\4--1.cpp(119,1): error C2059: синтаксическая ошибка: }
C:\Users\AinsF\OneDrive\Рабочий стол\4--1\4--1\4--1.cpp(119,1): error C2143: синтаксическая ошибка: отсутствие ";" перед "}"
